<?xml version="1.0" encoding="UTF-8"?>
<testsuite xmlns:xsi="http://www.w3.org/2001/XMLSchema-instance" xsi:noNamespaceSchemaLocation="https://maven.apache.org/surefire/maven-surefire-plugin/xsd/surefire-test-report.xsd" version="3.0.2" name="com.project.magicWebsite.MagicWebsiteApplicationTests" time="1.021" tests="1" errors="0" skipped="0" failures="0">
  <properties>
[...]
</properties>
  <testcase name="contextLoads" classname="com.project.magicWebsite.MagicWebsiteApplicationTests" time="0.326">
    <system-out><![CDATA[16:45:55.263 [main] INFO org.springframework.test.context.support.AnnotationConfigContextLoaderUtils -- Could not detect default configuration classes for test class [com.project.magicWebsite.MagicWebsiteApplicationTests]: MagicWebsiteApplicationTests does not declare any static, non-private, non-final, nested classes annotated with @Configuration.
16:45:55.297 [main] INFO org.springframework.boot.test.context.SpringBootTestContextBootstrapper -- Found @SpringBootConfiguration com.project.magicWebsite.MagicWebsiteApplication for test class com.project.magicWebsite.MagicWebsiteApplicationTests

  .   ____          _            __ _ _
 /\\ / ___'_ __ _ _(_)_ __  __ _ \ \ \ \
( ( )\___ | '_ | '_| | '_ \/ _` | \ \ \ \
 \\/  ___)| |_)| | | | | || (_| |  ) ) ) )
  '  |____| .__|_| |_|_| |_\__, | / / / /
 =========|_|==============|___/=/_/_/_/

 :: Spring Boot ::                (v4.0.2)

2026-02-01T16:45:55.413-08:00  INFO 8733 --- [magicWebsite] [           main] c.p.m.MagicWebsiteApplicationTests       : Starting MagicWebsiteApplicationTests using Java 23.0.2 with PID 8733 (started by crsnam in /Users/crsnam/Desktop/personal/personal_code/magic-website/MagicTheGatheringWebsite)
2026-02-01T16:45:55.413-08:00  INFO 8733 --- [magicWebsite] [           main] c.p.m.MagicWebsiteApplicationTests       : No active profile set, falling back to 1 default profile: "default"
2026-02-01T16:45:55.575-08:00  INFO 8733 --- [magicWebsite] [           main] .s.d.r.c.RepositoryConfigurationDelegate : Bootstrapping Spring Data R2DBC repositories in DEFAULT mode.
2026-02-01T16:45:55.581-08:00  INFO 8733 --- [magicWebsite] [           main] .s.d.r.c.RepositoryConfigurationDelegate : Finished Spring Data repository scanning in 3 ms. Found 0 R2DBC repository interfaces.
2026-02-01T16:45:55.898-08:00  INFO 8733 --- [magicWebsite] [           main] c.p.m.MagicWebsiteApplicationTests       : Started MagicWebsiteApplicationTests in 0.559 seconds (process running for 0.927)
]]></system-out>
    <system-err><![CDATA[Mockito is currently self-attaching to enable the inline-mock-maker. This will no longer work in future releases of the JDK. Please add Mockito as an agent to your build as described in Mockito's documentation: https://javadoc.io/doc/org.mockito/mockito-core/latest/org.mockito/org/mockito/Mockito.html#0.3
WARNING: A Java agent has been loaded dynamically (/Users/crsnam/.m2/repository/net/bytebuddy/byte-buddy-agent/1.17.8/byte-buddy-agent-1.17.8.jar)
WARNING: If a serviceability tool is in use, please run with -XX:+EnableDynamicAgentLoading to hide this warning
WARNING: If a serviceability tool is not in use, please run with -Djdk.instrument.traceUsage for more information
WARNING: Dynamic loading of agents will be disallowed by default in a future release
]]></system-err>
  </testcase>
</testsuite>